  Lec2.c
C:\자료구조지희\MidtermExam\Lec2.c(62,3): warning C4013: 'printf'이(가) 정의되지 않았습니다. extern은 int형을 반환하는 것으로 간주합니다.
C:\자료구조지희\MidtermExam\Lec2.c(73,9): error C2065: 'i': 선언되지 않은 식별자입니다.
C:\자료구조지희\MidtermExam\Lec2.c(73,13): error C2146: 구문 오류: ';'이(가) 'to' 식별자 앞에 없습니다.
C:\자료구조지희\MidtermExam\Lec2.c(73,16): error C2065: 'to': 선언되지 않은 식별자입니다.
C:\자료구조지희\MidtermExam\Lec2.c(73,16): error C2146: 구문 오류: ';'이(가) 'n' 식별자 앞에 없습니다.
C:\자료구조지희\MidtermExam\Lec2.c(73,17): error C2059: 구문 오류: ')'
C:\자료구조지희\MidtermExam\Lec2.c(73,19): error C2065: 'n': 선언되지 않은 식별자입니다.
C:\자료구조지희\MidtermExam\Lec2.c(73,19): error C2143: 구문 오류: ')'이(가) '{' 앞에 없습니다.
C:\자료구조지희\MidtermExam\Lec2.c(74,10): error C2065: 'i': 선언되지 않은 식별자입니다.
C:\자료구조지희\MidtermExam\Lec2.c(74,8): error C2109: 첨자는 배열 또는 포인터 형식을 사용해야 합니다.
C:\자료구조지희\MidtermExam\Lec2.c(75,6): error C2065: 'k': 선언되지 않은 식별자입니다.
C:\자료구조지희\MidtermExam\Lec2.c(75,9): error C2065: 'i': 선언되지 않은 식별자입니다.
C:\자료구조지희\MidtermExam\Lec2.c(77,10): error C2065: 'k': 선언되지 않은 식별자입니다.
C:\자료구조지희\MidtermExam\Lec2.c(84,7): error C2109: 첨자는 배열 또는 포인터 형식을 사용해야 합니다.
C:\자료구조지희\MidtermExam\Lec2.c(86,12): error C2109: 첨자는 배열 또는 포인터 형식을 사용해야 합니다.
  Lec3_Polynomial2.c
C:\자료구조지희\MidtermExam\Lec3_Polynomial2.c(23,9): warning C4013: 'exit'이(가) 정의되지 않았습니다. extern은 int형을 반환하는 것으로 간주합니다.
  Lec3_PolynomialAll.c
  Lec3_SparseMatrix1.c
C:\자료구조지희\MidtermExam\Lec3_SparseMatrix1.c(8,25): error C2065: 'i': 선언되지 않은 식별자입니다.
C:\자료구조지희\MidtermExam\Lec3_SparseMatrix1.c(17,1): error C2143: 구문 오류: ';'이(가) '}' 앞에 없습니다.
  lec3_structureArray.c
C:\자료구조지희\MidtermExam\lec3_structureArray.c(19,2): warning C4013: 'strcpy'이(가) 정의되지 않았습니다. extern은 int형을 반환하는 것으로 간주합니다.
  코드를 생성하고 있습니다...
C:\자료구조지희\MidtermExam\Lec3_Polynomial2.c(63): warning C4716: 'poly_add2': 값을 반환해야 합니다.
